


ARM Macro Assembler    Page 1 


    1 00000000                 AREA             RESET, DATA, READONLY
    2 00000000                 EXPORT           __Vectors
    3 00000000         __Vectors
    4 00000000 10001000        DCD              0x10001000  ; stack pointer val
                                                            ue when stack is em
                                                            pty
    5 00000004 00000000        DCD              Reset_Handler ; reset vector
    6 00000008                 ALIGN
    7 00000008                 AREA             mycode, CODE, READONLY
    8 00000000                 ENTRY
    9 00000000                 EXPORT           Reset_Handler
   10 00000000         Reset_Handler
   11 00000000 4810            LDR              R0,=SRC
   12 00000002 4911            LDR              R1,=DST
   13 00000004 F04F 020A       LDR              R2,=10
   14 00000008 F04F 0500       MOV              R5,#0
   15 0000000C F850 3B04 
                       UP      LDR              R3,[R0],#4
   16 00000010 18ED            ADDS             R5,R5,R3
   17 00000012         
   18 00000012 3A01            SUBS             R2,#1
   19 00000014 D1FA            BNE              UP
   20 00000016 F841 5B04       STR              R5,[R1],#4
   21 0000001A         STOP
   22 0000001A E7FE            B                STOP
   23 0000001C 00000001 
              00000001 
              00000001 
              00000001 
              00000001 
              00000001 
              00000001 
              00000001 
              00000001 
              00000001 SRC     DCD              1, 1, 1, 1, 1, 1, 1, 1 ,1, 1
   24 00000044 00000000 
              00000000         AREA             MYDATA, DATA, READWRITE
   25 00000000 00000000 
                       DST     DCD              0
   26 00000004                 END
Command Line: --debug --xref --cpu=Cortex-M3 --apcs=interwork --depend=.\q1.d -
o.\q1.o -IC:\Keil\ARM\RV31\INC -IC:\Keil\ARM\CMSIS\Include -IC:\Keil\ARM\Inc\NX
P\LPC17xx --predefine="__EVAL SETA 1" --list=.\q1.lst QUES-1\q1.s



ARM Macro Assembler    Page 1 Alphabetic symbol ordering
Relocatable symbols

RESET 00000000

Symbol: RESET
   Definitions
      At line 1 in file QUES-1\q1.s
   Uses
      None
Comment: RESET unused
__Vectors 00000000

Symbol: __Vectors
   Definitions
      At line 3 in file QUES-1\q1.s
   Uses
      At line 2 in file QUES-1\q1.s
Comment: __Vectors used once
2 symbols



ARM Macro Assembler    Page 1 Alphabetic symbol ordering
Relocatable symbols

Reset_Handler 00000000

Symbol: Reset_Handler
   Definitions
      At line 10 in file QUES-1\q1.s
   Uses
      At line 5 in file QUES-1\q1.s
      At line 9 in file QUES-1\q1.s

SRC 0000001C

Symbol: SRC
   Definitions
      At line 23 in file QUES-1\q1.s
   Uses
      At line 11 in file QUES-1\q1.s
Comment: SRC used once
STOP 0000001A

Symbol: STOP
   Definitions
      At line 21 in file QUES-1\q1.s
   Uses
      At line 22 in file QUES-1\q1.s
Comment: STOP used once
UP 0000000C

Symbol: UP
   Definitions
      At line 15 in file QUES-1\q1.s
   Uses
      At line 19 in file QUES-1\q1.s
Comment: UP used once
mycode 00000000

Symbol: mycode
   Definitions
      At line 7 in file QUES-1\q1.s
   Uses
      None
Comment: mycode unused
5 symbols



ARM Macro Assembler    Page 1 Alphabetic symbol ordering
Relocatable symbols

DST 00000000

Symbol: DST
   Definitions
      At line 25 in file QUES-1\q1.s
   Uses
      At line 12 in file QUES-1\q1.s
Comment: DST used once
MYDATA 00000000

Symbol: MYDATA
   Definitions
      At line 24 in file QUES-1\q1.s
   Uses
      None
Comment: MYDATA unused
2 symbols
342 symbols in table
