


ARM Macro Assembler    Page 1 


    1 00000000                 AREA             RESET, DATA, READONLY
    2 00000000                 EXPORT           __Vectors
    3 00000000         __Vectors
    4 00000000 10001000        DCD              0x10001000  ; stack pointer val
                                                            ue when stack is em
                                                            pty
    5 00000004 00000000        DCD              Reset_Handler ; reset vector
    6 00000008                 ALIGN
    7 00000008                 AREA             mycode, CODE, READONLY
    8 00000000                 ENTRY
    9 00000000                 EXPORT           Reset_Handler
   10 00000000         Reset_Handler
   11 00000000 F04F 030A       MOV              R3,#10
   12 00000004 480D            LDR              R0,=NUM
   13 00000006 490E            LDR              R1,=DST
   14 00000008         loop1
   15 00000008 6802            LDR              R2,[R0]
   16 0000000A 600A            STR              R2,[R1]
   17 0000000C F100 0004       ADD              R0,R0,#4
   18 00000010 F101 0104       ADD              R1,R1,#4
   19 00000014 1E5B            SUBS             R3,R3,#1
   20 00000016 D1F7            BNE              loop1
   21 00000018 F04F 0505       MOV              R5,#5
   22 0000001C 4808            LDR              R0,=DST
   23 0000001E 4908            LDR              R1,=DST
   24 00000020 F101 0124       ADD              R1,R1,#36
   25 00000024         loop2
   26 00000024 6802            LDR              R2, [R0]
   27 00000026 680B            LDR              R3, [R1]
   28 00000028 6003            STR              R3, [R0]
   29 0000002A 600A            STR              R2, [R1]
   30 0000002C F100 0004       ADD              R0,R0,#4
   31 00000030 F1A1 0104       SUB              R1,R1,#4
   32 00000034 1E6D            SUBS             R5,R5,#1
   33 00000036 D1F5            BNE              loop2
   34 00000038         STOP
   35 00000038 E7FE            B                STOP
   36 0000003A 00 00 00000000 
              00000000 
              00000000 
              00000000         AREA             mydata, DATA, READONLY
   37 00000000 00000001 
              00000002 
              00000003 
              00000004 
              00000005 
              00000006 
              00000007 
              00000008 
              00000009 
              0000000A NUM     DCD              1,2,3,4,5,6,7,8,9,10
   38 00000028                 AREA             mydata2,DATA,READWRITE
   39 00000000 00000000 
                       DST     DCD              0
   40 00000004                 END
Command Line: --debug --xref --cpu=Cortex-M3 --apcs=interwork --depend=.\q4.d -
o.\q4.o -IC:\Keil\ARM\RV31\INC -IC:\Keil\ARM\CMSIS\Include -IC:\Keil\ARM\Inc\NX
P\LPC17xx --predefine="__EVAL SETA 1" --list=.\q4.lst ..\LAB-1\QUES-4\q4.s



ARM Macro Assembler    Page 1 Alphabetic symbol ordering
Relocatable symbols

RESET 00000000

Symbol: RESET
   Definitions
      At line 1 in file ..\LAB-1\QUES-4\q4.s
   Uses
      None
Comment: RESET unused
__Vectors 00000000

Symbol: __Vectors
   Definitions
      At line 3 in file ..\LAB-1\QUES-4\q4.s
   Uses
      At line 2 in file ..\LAB-1\QUES-4\q4.s
Comment: __Vectors used once
2 symbols



ARM Macro Assembler    Page 1 Alphabetic symbol ordering
Relocatable symbols

Reset_Handler 00000000

Symbol: Reset_Handler
   Definitions
      At line 10 in file ..\LAB-1\QUES-4\q4.s
   Uses
      At line 5 in file ..\LAB-1\QUES-4\q4.s
      At line 9 in file ..\LAB-1\QUES-4\q4.s

STOP 00000038

Symbol: STOP
   Definitions
      At line 34 in file ..\LAB-1\QUES-4\q4.s
   Uses
      At line 35 in file ..\LAB-1\QUES-4\q4.s
Comment: STOP used once
loop1 00000008

Symbol: loop1
   Definitions
      At line 14 in file ..\LAB-1\QUES-4\q4.s
   Uses
      At line 20 in file ..\LAB-1\QUES-4\q4.s
Comment: loop1 used once
loop2 00000024

Symbol: loop2
   Definitions
      At line 25 in file ..\LAB-1\QUES-4\q4.s
   Uses
      At line 33 in file ..\LAB-1\QUES-4\q4.s
Comment: loop2 used once
mycode 00000000

Symbol: mycode
   Definitions
      At line 7 in file ..\LAB-1\QUES-4\q4.s
   Uses
      None
Comment: mycode unused
5 symbols



ARM Macro Assembler    Page 1 Alphabetic symbol ordering
Relocatable symbols

NUM 00000000

Symbol: NUM
   Definitions
      At line 37 in file ..\LAB-1\QUES-4\q4.s
   Uses
      At line 12 in file ..\LAB-1\QUES-4\q4.s
Comment: NUM used once
mydata 00000000

Symbol: mydata
   Definitions
      At line 36 in file ..\LAB-1\QUES-4\q4.s
   Uses
      None
Comment: mydata unused
2 symbols



ARM Macro Assembler    Page 1 Alphabetic symbol ordering
Relocatable symbols

DST 00000000

Symbol: DST
   Definitions
      At line 39 in file ..\LAB-1\QUES-4\q4.s
   Uses
      At line 13 in file ..\LAB-1\QUES-4\q4.s
      At line 22 in file ..\LAB-1\QUES-4\q4.s
      At line 23 in file ..\LAB-1\QUES-4\q4.s

mydata2 00000000

Symbol: mydata2
   Definitions
      At line 38 in file ..\LAB-1\QUES-4\q4.s
   Uses
      None
Comment: mydata2 unused
2 symbols
344 symbols in table
