


ARM Macro Assembler    Page 1 


    1 00000000                 AREA             RESET,DATA,READONLY
    2 00000000                 EXPORT           __Vectors
    3 00000000         __Vectors
    4 00000000 40001000        DCD              0X40001000
    5 00000004 00000000        DCD              Reset_Handler
    6 00000008                 ALIGN
    7 00000008                 AREA             mycode,CODE,READONLY
    8 00000000                 ENTRY
    9 00000000                 EXPORT           Reset_Handler
   10 00000000         Reset_Handler
   11 00000000 4805            LDR              R0,=VALUE1
   12 00000002 6801            LDR              R1,[R0]
   13 00000004 4805            LDR              R0,=VALUE2
   14 00000006 6802            LDR              R2,[R0]
   15 00000008 188E            ADDS             R6,R1,R2
   16 0000000A 4B05            LDR              R3,=RESULT
   17 0000000C 601E            STR              R6,[R3]
   18 0000000E         STOP
   19 0000000E E7FE            B                STOP
   20 00000010 00000003 
                       VALUE1  DCD              3
   21 00000014 00000008 
                       VALUE2  DCD              8
   22 00000018 00000000 
              00000000 
              00000000         AREA             data,DATA,READWRITE
   23 00000000 00000000 
                       RESULT  DCD              0
   24 00000004                 END
Command Line: --debug --xref --cpu=Cortex-M3 --apcs=interwork --depend=.\sample
.d -o.\sample.o -IC:\Keil\ARM\RV31\INC -IC:\Keil\ARM\CMSIS\Include -IC:\Keil\AR
M\Inc\NXP\LPC17xx --predefine="__EVAL SETA 1" --list=.\sample.lst QUES1\SAMPLE.
s



ARM Macro Assembler    Page 1 Alphabetic symbol ordering
Relocatable symbols

RESET 00000000

Symbol: RESET
   Definitions
      At line 1 in file QUES1\SAMPLE.s
   Uses
      None
Comment: RESET unused
__Vectors 00000000

Symbol: __Vectors
   Definitions
      At line 3 in file QUES1\SAMPLE.s
   Uses
      At line 2 in file QUES1\SAMPLE.s
Comment: __Vectors used once
2 symbols



ARM Macro Assembler    Page 1 Alphabetic symbol ordering
Relocatable symbols

Reset_Handler 00000000

Symbol: Reset_Handler
   Definitions
      At line 10 in file QUES1\SAMPLE.s
   Uses
      At line 5 in file QUES1\SAMPLE.s
      At line 9 in file QUES1\SAMPLE.s

STOP 0000000E

Symbol: STOP
   Definitions
      At line 18 in file QUES1\SAMPLE.s
   Uses
      At line 19 in file QUES1\SAMPLE.s
Comment: STOP used once
VALUE1 00000010

Symbol: VALUE1
   Definitions
      At line 20 in file QUES1\SAMPLE.s
   Uses
      At line 11 in file QUES1\SAMPLE.s
Comment: VALUE1 used once
VALUE2 00000014

Symbol: VALUE2
   Definitions
      At line 21 in file QUES1\SAMPLE.s
   Uses
      At line 13 in file QUES1\SAMPLE.s
Comment: VALUE2 used once
mycode 00000000

Symbol: mycode
   Definitions
      At line 7 in file QUES1\SAMPLE.s
   Uses
      None
Comment: mycode unused
5 symbols



ARM Macro Assembler    Page 1 Alphabetic symbol ordering
Relocatable symbols

RESULT 00000000

Symbol: RESULT
   Definitions
      At line 23 in file QUES1\SAMPLE.s
   Uses
      At line 16 in file QUES1\SAMPLE.s
Comment: RESULT used once
data 00000000

Symbol: data
   Definitions
      At line 22 in file QUES1\SAMPLE.s
   Uses
      None
Comment: data unused
2 symbols
342 symbols in table
