


ARM Macro Assembler    Page 1 


    1 00000000                 AREA             RESET,DATA,READONLY
    2 00000000                 EXPORT           __Vectors
    3 00000000         __Vectors
    4 00000000 10001000        DCD              0x10001000
    5 00000004 00000000        DCD              Reset_Handler
    6 00000008                 ALIGN
    7 00000008                 AREA             MYCODE,CODE,READONLY
    8 00000000                 ENTRY
    9 00000000                 EXPORT           Reset_Handler
   10 00000000         Reset_Handler
   11 00000000 4803            LDR              R0,=SRC1
   12 00000002 4904            LDR              R1,=SRC2
   13 00000004 6802            LDR              R2,[R0]
   14 00000006 600A            STR              R2,[R1]
   15 00000008         STOP
   16 00000008 E7FE            B                STOP
   17 0000000A 00 00 00000008 
                       SRC1    DCD              8
   18 00000010 00000000 
              00000000         AREA             MYDATA,DATA,READWRITE
   19 00000000 00000000 
                       SRC2    DCD              0
   20 00000004                 END
Command Line: --debug --xref --cpu=Cortex-M3 --apcs=interwork --depend=.\w1q1.d
 -o.\w1q1.o -IC:\Keil\ARM\RV31\INC -IC:\Keil\ARM\CMSIS\Include -IC:\Keil\ARM\In
c\NXP\LPC17xx --predefine="__EVAL SETA 1" --list=.\w1q1.lst ..\LAB-1\QUES-1\W1Q
1.s



ARM Macro Assembler    Page 1 Alphabetic symbol ordering
Relocatable symbols

RESET 00000000

Symbol: RESET
   Definitions
      At line 1 in file ..\LAB-1\QUES-1\W1Q1.s
   Uses
      None
Comment: RESET unused
__Vectors 00000000

Symbol: __Vectors
   Definitions
      At line 3 in file ..\LAB-1\QUES-1\W1Q1.s
   Uses
      At line 2 in file ..\LAB-1\QUES-1\W1Q1.s
Comment: __Vectors used once
2 symbols



ARM Macro Assembler    Page 1 Alphabetic symbol ordering
Relocatable symbols

MYCODE 00000000

Symbol: MYCODE
   Definitions
      At line 7 in file ..\LAB-1\QUES-1\W1Q1.s
   Uses
      None
Comment: MYCODE unused
Reset_Handler 00000000

Symbol: Reset_Handler
   Definitions
      At line 10 in file ..\LAB-1\QUES-1\W1Q1.s
   Uses
      At line 5 in file ..\LAB-1\QUES-1\W1Q1.s
      At line 9 in file ..\LAB-1\QUES-1\W1Q1.s

SRC1 0000000C

Symbol: SRC1
   Definitions
      At line 17 in file ..\LAB-1\QUES-1\W1Q1.s
   Uses
      At line 11 in file ..\LAB-1\QUES-1\W1Q1.s
Comment: SRC1 used once
STOP 00000008

Symbol: STOP
   Definitions
      At line 15 in file ..\LAB-1\QUES-1\W1Q1.s
   Uses
      At line 16 in file ..\LAB-1\QUES-1\W1Q1.s
Comment: STOP used once
4 symbols



ARM Macro Assembler    Page 1 Alphabetic symbol ordering
Relocatable symbols

MYDATA 00000000

Symbol: MYDATA
   Definitions
      At line 18 in file ..\LAB-1\QUES-1\W1Q1.s
   Uses
      None
Comment: MYDATA unused
SRC2 00000000

Symbol: SRC2
   Definitions
      At line 19 in file ..\LAB-1\QUES-1\W1Q1.s
   Uses
      At line 12 in file ..\LAB-1\QUES-1\W1Q1.s
Comment: SRC2 used once
2 symbols
341 symbols in table
