


ARM Macro Assembler    Page 1 


    1 00000000                 AREA             RESET, DATA, READONLY
    2 00000000                 EXPORT           __Vectors
    3 00000000         
    4 00000000         __Vectors
    5 00000000 10001000        DCD              0X10001000
    6 00000004 00000000        DCD              Reset_Handler
    7 00000008         ;ALIGN
    8 00000008                 AREA             mycode, CODE, READONLY
    9 00000000                 ENTRY
   10 00000000                 EXPORT           Reset_Handler
   11 00000000         
   12 00000000         Reset_Handler
   13 00000000 4802            LDR              R0, =SRC    ; Source memory bas
                                                            e address 
   14 00000002 4903            LDR              R1, =DST    ; Destination memor
                                                            y base address
   15 00000004 6803            LDR              R3, [R0]    ; Loading value to 
                                                            temporary register
   16 00000006 600B            STR              R3, [R1]    ; Storing the value
                                                             at destination mem
                                                            ory
   17 00000008         
   18 00000008 E7FE    STOP    B                STOP
   19 0000000A 00 00 00000000 
              00000000         AREA             mydata, DATA, READWRITE
   20 00000000         
   21 00000000 00000000 
                       SRC     DCD              0
   22 00000004                 AREA             mydata, DATA, READONLY
   23 00000004 00000000 
                       DST     DCD              0
   24 00000008                 END
Command Line: --debug --xref --cpu=Cortex-M3 --apcs=interwork --depend=.\w1q2.d
 -o.\w1q2.o -IC:\Keil\ARM\RV31\INC -IC:\Keil\ARM\CMSIS\Include -IC:\Keil\ARM\In
c\NXP\LPC17xx --predefine="__EVAL SETA 1" --list=.\w1q2.lst W1Q2.s



ARM Macro Assembler    Page 1 Alphabetic symbol ordering
Relocatable symbols

RESET 00000000

Symbol: RESET
   Definitions
      At line 1 in file W1Q2.s
   Uses
      None
Comment: RESET unused
__Vectors 00000000

Symbol: __Vectors
   Definitions
      At line 4 in file W1Q2.s
   Uses
      At line 2 in file W1Q2.s
Comment: __Vectors used once
2 symbols



ARM Macro Assembler    Page 1 Alphabetic symbol ordering
Relocatable symbols

Reset_Handler 00000000

Symbol: Reset_Handler
   Definitions
      At line 12 in file W1Q2.s
   Uses
      At line 6 in file W1Q2.s
      At line 10 in file W1Q2.s

STOP 00000008

Symbol: STOP
   Definitions
      At line 18 in file W1Q2.s
   Uses
      At line 18 in file W1Q2.s
Comment: STOP used once
mycode 00000000

Symbol: mycode
   Definitions
      At line 8 in file W1Q2.s
   Uses
      None
Comment: mycode unused
3 symbols



ARM Macro Assembler    Page 1 Alphabetic symbol ordering
Relocatable symbols

DST 00000004

Symbol: DST
   Definitions
      At line 23 in file W1Q2.s
   Uses
      At line 14 in file W1Q2.s
Comment: DST used once
SRC 00000000

Symbol: SRC
   Definitions
      At line 21 in file W1Q2.s
   Uses
      At line 13 in file W1Q2.s
Comment: SRC used once
mydata 00000000

Symbol: mydata
   Definitions
      At line 19 in file W1Q2.s
   Uses
      None
Comment: mydata unused
3 symbols
341 symbols in table
